05-Jul-2016 18:03:02.581 WARNING [main] org.apache.tomcat.util.digester.SetPropertiesRule.begin [SetPropertiesRule]{Server/Service/Engine/Host/Valve} Setting property 'resolveHosts' to 'false' did not find a matching property.
05-Jul-2016 18:03:02.612 INFO [main] org.apache.catalina.core.AprLifecycleListener.lifecycleEvent The APR based Apache Tomcat Native library which allows optimal performance in production environments was not found on the java.library.path: C:\Program Files\Java\jdk1.8.0_91\jre\bin;C:\WINDOWS\Sun\Java\bin;C:\WINDOWS\system32;C:\WINDOWS;C:\ProgramData\Oracle\Java\javapath;C:\Program Files (x86)\Intel\iCLS Client\;C:\Program Files\Intel\iCLS Client\;C:\Program Files\Dell\DW WLAN Card;C:\WINDOWS\system32;C:\WINDOWS;C:\WINDOWS\System32\Wbem;C:\WINDOWS\System32\WindowsPowerShell\v1.0\;c:\Program Files\WIDCOMM\Bluetooth Software\;c:\Program Files\WIDCOMM\Bluetooth Software\syswow64;C:\Program Files\Intel\Intel(R) Management Engine Components\DAL;C:\Program Files (x86)\Intel\Intel(R) Management Engine Components\DAL;C:\Program Files\Intel\Intel(R) Management Engine Components\IPT;C:\Program Files (x86)\Intel\Intel(R) Management Engine Components\IPT;C:\Program Files (x86)\QuickTime\QTSystem\;C:\Program Files\apache-maven-3.3.9-bin\apache-maven-3.3.9\bin;C:\Program Files\Java\jdk1.8.0_91\bin;.
05-Jul-2016 18:03:04.017 INFO [main] org.apache.coyote.AbstractProtocol.init Initializing ProtocolHandler ["http-nio-8080"]
05-Jul-2016 18:03:04.798 INFO [main] org.apache.tomcat.util.net.NioSelectorPool.getSharedSelector Using a shared selector for servlet write/read
05-Jul-2016 18:03:04.813 INFO [main] org.apache.coyote.AbstractProtocol.init Initializing ProtocolHandler ["ajp-nio-8009"]
05-Jul-2016 18:03:04.813 INFO [main] org.apache.tomcat.util.net.NioSelectorPool.getSharedSelector Using a shared selector for servlet write/read
05-Jul-2016 18:03:04.813 INFO [main] org.apache.catalina.startup.Catalina.load Initialization processed in 3507 ms
05-Jul-2016 18:03:04.923 INFO [main] org.apache.catalina.core.StandardService.startInternal Starting service Catalina
05-Jul-2016 18:03:04.923 INFO [main] org.apache.catalina.core.StandardEngine.startInternal Starting Servlet Engine: Apache Tomcat/8.0.23
05-Jul-2016 18:03:05.001 INFO [localhost-startStop-1] org.apache.catalina.startup.HostConfig.deployWAR Deploying web application archive C:\Users\Nick\calvinwebsite\target\tomcat8x\webapps\cargocpc.war
05-Jul-2016 18:03:06.235 INFO [localhost-startStop-1] org.apache.catalina.util.SessionIdGeneratorBase.createSecureRandom Creation of SecureRandom instance for session ID generation using [SHA1PRNG] took [110] milliseconds.
05-Jul-2016 18:03:06.298 INFO [localhost-startStop-1] org.apache.catalina.startup.HostConfig.deployWAR Deployment of web application archive C:\Users\Nick\calvinwebsite\target\tomcat8x\webapps\cargocpc.war has finished in 1,297 ms
05-Jul-2016 18:03:06.298 INFO [localhost-startStop-1] org.apache.catalina.startup.HostConfig.deployWAR Deploying web application archive C:\Users\Nick\calvinwebsite\target\tomcat8x\webapps\cms.war
05-Jul-2016 18:03:50.197 INFO [localhost-startStop-1] org.apache.catalina.startup.HostConfig.deployWAR Deployment of web application archive C:\Users\Nick\calvinwebsite\target\tomcat8x\webapps\cms.war has finished in 43,899 ms
05-Jul-2016 18:03:50.201 INFO [localhost-startStop-1] org.apache.catalina.startup.HostConfig.deployWAR Deploying web application archive C:\Users\Nick\calvinwebsite\target\tomcat8x\webapps\essentials.war
05-Jul-2016 18:04:10.377 INFO [localhost-startStop-1] org.apache.catalina.startup.HostConfig.deployWAR Deployment of web application archive C:\Users\Nick\calvinwebsite\target\tomcat8x\webapps\essentials.war has finished in 20,176 ms
05-Jul-2016 18:04:10.385 INFO [localhost-startStop-1] org.apache.catalina.startup.HostConfig.deployWAR Deploying web application archive C:\Users\Nick\calvinwebsite\target\tomcat8x\webapps\site.war
05-Jul-2016 18:04:10.389 INFO [localhost-startStop-1] org.apache.catalina.realm.JAASRealm.setUseContextClassLoader Setting useContextClassLoader = true
05-Jul-2016 18:04:26.515 INFO [localhost-startStop-1] org.apache.catalina.startup.HostConfig.deployWAR Deployment of web application archive C:\Users\Nick\calvinwebsite\target\tomcat8x\webapps\site.war has finished in 16,130 ms
05-Jul-2016 18:04:26.519 INFO [localhost-startStop-1] org.apache.catalina.startup.HostConfig.deployDirectory Deploying web application directory C:\Users\Nick\calvinwebsite\target\tomcat8x\webapps\host-manager
05-Jul-2016 18:04:26.611 INFO [localhost-startStop-1] org.apache.catalina.startup.HostConfig.deployDirectory Deployment of web application directory C:\Users\Nick\calvinwebsite\target\tomcat8x\webapps\host-manager has finished in 96 ms
05-Jul-2016 18:04:26.611 INFO [localhost-startStop-1] org.apache.catalina.startup.HostConfig.deployDirectory Deploying web application directory C:\Users\Nick\calvinwebsite\target\tomcat8x\webapps\manager
05-Jul-2016 18:04:26.699 INFO [localhost-startStop-1] org.apache.catalina.startup.HostConfig.deployDirectory Deployment of web application directory C:\Users\Nick\calvinwebsite\target\tomcat8x\webapps\manager has finished in 88 ms
05-Jul-2016 18:04:26.711 INFO [main] org.apache.coyote.AbstractProtocol.start Starting ProtocolHandler ["http-nio-8080"]
05-Jul-2016 18:04:26.723 INFO [main] org.apache.coyote.AbstractProtocol.start Starting ProtocolHandler ["ajp-nio-8009"]
05-Jul-2016 18:04:26.727 INFO [main] org.apache.catalina.startup.Catalina.start Server startup in 81908 ms
